2014-02-10 12:22:57.860 POS[79579:80b] Multi-tasking -> Device: YES, App: YES
2014-02-10 12:22:57.917 POS[79579:80b] Unlimited access to network resources
2014-02-10 12:22:58.723 POS[79579:80b] Resetting plugins due to page load.
2014-02-10 12:22:58.965 POS[79579:80b] Finished load of: file:///Users/dimitri/Library/Application%20Support/iPhone%20Simulator/7.0.3/Applications/7C76CD12-A6C0-4A07-9BBF-BE399BE03D63/POS.app/www/index.html
2014-02-10 12:32:35.820 POS[80203:80b] Multi-tasking -> Device: YES, App: YES
2014-02-10 12:32:35.973 POS[80203:80b] Unlimited access to network resources
2014-02-10 12:32:37.020 POS[80203:80b] Resetting plugins due to page load.
2014-02-10 12:32:37.390 POS[80203:80b] Finished load of: file:///Users/dimitri/Library/Application%20Support/iPhone%20Simulator/7.0.3/Applications/7C76CD12-A6C0-4A07-9BBF-BE399BE03D63/POS.app/www/index.html
2014-02-10 12:33:39.565 POS[80784:80b] Multi-tasking -> Device: YES, App: YES
2014-02-10 12:33:39.662 POS[80784:80b] Unlimited access to network resources
2014-02-10 12:33:40.270 POS[80784:80b] Resetting plugins due to page load.
2014-02-10 12:33:40.502 POS[80784:80b] Finished load of: file:///Users/dimitri/Library/Application%20Support/iPhone%20Simulator/7.0.3/Applications/7C76CD12-A6C0-4A07-9BBF-BE399BE03D63/POS.app/www/index.html
2014-02-10 12:35:30.915 POS[81372:80b] Multi-tasking -> Device: YES, App: YES
2014-02-10 12:35:30.928 POS[81372:80b] Unlimited access to network resources
2014-02-10 12:35:31.175 POS[81372:80b] Resetting plugins due to page load.
2014-02-10 12:35:31.408 POS[81372:80b] Finished load of: file:///Users/dimitri/Library/Application%20Support/iPhone%20Simulator/7.0.3/Applications/7C76CD12-A6C0-4A07-9BBF-BE399BE03D63/POS.app/www/index.html
2014-02-10 12:37:59.799 POS[81372:80b] Resetting plugins due to page load.
2014-02-10 12:38:00.917 POS[81372:80b] Finished load of: http://localhost:8069/web
2014-02-10 12:38:12.863 POS[81372:80b] CDVWebViewDelegate: Navigation started when state=1
2014-02-10 12:38:12.864 POS[81372:80b] Failed to load webpage with error: CDVWebViewDelegate: Navigation started when state=1
2014-02-10 12:38:12.874 POS[81372:80b] Resetting plugins due to page load.
2014-02-10 12:38:13.399 POS[81372:80b] Finished load of: http://localhost:8069/pos/web/
2014-02-10 13:42:43.881 POS[82490:80b] Multi-tasking -> Device: YES, App: YES
2014-02-10 13:42:43.938 POS[82490:80b] Unlimited access to network resources
2014-02-10 13:42:44.536 POS[82490:80b] Resetting plugins due to page load.
2014-02-10 13:42:44.786 POS[82490:80b] Finished load of: file:///Users/dimitri/Library/Application%20Support/iPhone%20Simulator/7.0.3/Applications/7C76CD12-A6C0-4A07-9BBF-BE399BE03D63/POS.app/www/index.html
2014-02-10 14:09:26.630 POS[83346:80b] Multi-tasking -> Device: YES, App: YES
2014-02-10 14:09:26.677 POS[83346:80b] Unlimited access to network resources
2014-02-10 14:09:27.538 POS[83346:80b] Resetting plugins due to page load.
2014-02-10 14:09:27.839 POS[83346:80b] Finished load of: file:///Users/dimitri/Library/Application%20Support/iPhone%20Simulator/7.0.3/Applications/7C76CD12-A6C0-4A07-9BBF-BE399BE03D63/POS.app/www/index.html
2014-02-10 14:10:06.665 POS[83346:80b] Resetting plugins due to page load.
2014-02-10 14:10:07.767 POS[83346:80b] Finished load of: http://localhost:8069/web
